#
# There is insufficient memory for the Java Runtime Environment to continue.
# Native memory allocation (mmap) failed to map 268435456 bytes for Failed to commit area from 0x0000000701e00000 to 0x0000000711e00000 of length 268435456.
# Possible reasons:
#   The system is out of physical RAM or swap space
#   The process is running with CompressedOops enabled, and the Java Heap may be blocking the growth of the native heap
# Possible solutions:
#   Reduce memory load on the system
#   Increase physical memory or swap space
#   Check if swap backing store is full
#   Decrease Java heap size (-Xmx/-Xms)
#   Decrease number of Java threads
#   Decrease Java thread stack sizes (-Xss)
#   Set larger code cache with -XX:ReservedCodeCacheSize=
# This output file may be truncated or incomplete.
#
#  Out of Memory Error (./src/hotspot/os/windows/os_windows.cpp:3619), pid=28192, tid=28352
#
# JRE version:  (11.0.13) (build )
# Java VM: OpenJDK 64-Bit Server VM (11.0.13+0-b1751.21-8125866, mixed mode, sharing, tiered, compressed oops, g1 gc, windows-amd64)
# No core dump will be written. Minidumps are not enabled by default on client versions of Windows
#

---------------  S U M M A R Y ------------

Command Line: 

Host: Intel(R) Core(TM) i7-7600U CPU @ 2.80GHz, 4 cores, 15G,  Windows 11 , 64 bit Build 22000 (10.0.22000.1335)
Time: Wed Jan 11 00:27:21 2023 W. Central Africa Standard Time elapsed time: 0.401277 seconds (0d 0h 0m 0s)

---------------  T H R E A D  ---------------

Current thread (0x000001fb9082b800):  JavaThread "Unknown thread" [_thread_in_vm, id=28352, stack(0x000000637a300000,0x000000637a400000)]

Stack: [0x000000637a300000,0x000000637a400000]
Native frames: (J=compiled Java code, j=interpreted, Vv=VM code, C=native code)
V  [jvm.dll+0x6100fa]
V  [jvm.dll+0x747090]
V  [jvm.dll+0x7486ad]
V  [jvm.dll+0x748d83]
V  [jvm.dll+0x24ab48]
V  [jvm.dll+0x60d164]
V  [jvm.dll+0x601e75]
V  [jvm.dll+0x308bdb]
V  [jvm.dll+0x308b4a]
V  [jvm.dll+0x308a22]
V  [jvm.dll+0x30d986]
V  [jvm.dll+0x357093]
V  [jvm.dll+0x357796]
V  [jvm.dll+0x357193]
V  [jvm.dll+0x2e3448]
V  [jvm.dll+0x2e45f7]
V  [jvm.dll+0x7242e7]
V  [jvm.dll+0x725adc]
V  [jvm.dll+0x364629]
V  [jvm.dll+0x707cee]
V  [jvm.dll+0x3d2633]
V  [jvm.dll+0x3d4a21]
C  [jli.dll+0x536b]
C  [ucrtbase.dll+0x26c0c]
C  [KERNEL32.DLL+0x155a0]
C  [ntdll.dll+0x485b]


---------------  P R O C E S S  ---------------

Threads class SMR info:
_java_thread_list=0x000001fb90612dc0, length=0, elements={
}

Java Threads: ( => current thread )

Other Threads:
  0x000001fb90844800 GCTaskThread "GC Thread#0" [stack: 0x000000637a400000,0x000000637a500000] [id=28064]
  0x000001fb9089f000 ConcurrentGCThread "G1 Main Marker" [stack: 0x000000637a500000,0x000000637a600000] [id=28456]
  0x000001fb908a2000 ConcurrentGCThread "G1 Conc#0" [stack: 0x000000637a600000,0x000000637a700000] [id=28472]

[error occurred during error reporting (printing all threads), id 0xc0000005, EXCEPTION_ACCESS_VIOLATION (0xc0000005) at pc=0x00007ffeeb233dd7]

VM state:not at safepoint (not fully initialized)

VM Mutex/Monitor currently owned by a thread:  ([mutex/lock_event])
[0x000001fb90827b00] Heap_lock - owner thread: 0x000001fb9082b800

Heap address: 0x0000000701e00000, size: 4066 MB, Compressed Oops mode: Non-zero based: 0x0000000701e00000
Narrow klass base: 0x0000000000000000, Narrow klass shift: 0

GC Heap History (0 events):
No events

Deoptimization events (0 events):
No events

Classes redefined (0 events):
No events

Internal exceptions (0 events):
No events

Events (1 events):
Event: 0.050 Loaded shared library C:\Program Files\Android\Android Studio\jre\bin\zip.dll


Dynamic libraries:
0x00007ff632550000 - 0x00007ff63255a000 	C:\Program Files\Android\Android Studio\jre\bin\java.EXE
0x00007fff72a40000 - 0x00007fff72c49000 	C:\Windows\SYSTEM32\ntdll.dll
0x00007fff71a40000 - 0x00007fff71afe000 	C:\Windows\System32\KERNEL32.DLL
0x00007fff700d0000 - 0x00007fff7044b000 	C:\Windows\System32\KERNELBASE.dll
0x00007fff70510000 - 0x00007fff70621000 	C:\Windows\System32\ucrtbase.dll
0x00007fff44600000 - 0x00007fff44619000 	C:\Program Files\Android\Android Studio\jre\bin\jli.dll
0x00007fff445e0000 - 0x00007fff445f7000 	C:\Program Files\Android\Android Studio\jre\bin\VCRUNTIME140.dll
0x00007fff72760000 - 0x00007fff7290d000 	C:\Windows\System32\USER32.dll
0x00007fff70720000 - 0x00007fff70746000 	C:\Windows\System32\win32u.dll
0x00007fff70d30000 - 0x00007fff70d59000 	C:\Windows\System32\GDI32.dll
0x00007fff6ff10000 - 0x00007fff70028000 	C:\Windows\System32\gdi32full.dll
0x00007fff70030000 - 0x00007fff700cd000 	C:\Windows\System32\msvcp_win.dll
0x00007fff5ee60000 - 0x00007fff5f105000 	C:\Windows\WinSxS\amd64_microsoft.windows.common-controls_6595b64144ccf1df_6.0.22000.120_none_9d947278b86cc467\COMCTL32.dll
0x00007fff714a0000 - 0x00007fff71543000 	C:\Windows\System32\msvcrt.dll
0x00007fff71460000 - 0x00007fff71492000 	C:\Windows\System32\IMM32.DLL
0x00007ffeec980000 - 0x00007ffeeca1d000 	C:\Program Files\Android\Android Studio\jre\bin\msvcp140.dll
0x00007ffeeaf40000 - 0x00007ffeeba42000 	C:\Program Files\Android\Android Studio\jre\bin\server\jvm.dll
0x00007fff71610000 - 0x00007fff716be000 	C:\Windows\System32\ADVAPI32.dll
0x00007fff708c0000 - 0x00007fff7095e000 	C:\Windows\System32\sechost.dll
0x00007fff71bf0000 - 0x00007fff71d10000 	C:\Windows\System32\RPCRT4.dll
0x00007fff70fd0000 - 0x00007fff70fd8000 	C:\Windows\System32\PSAPI.DLL
0x00007fff417c0000 - 0x00007fff417c9000 	C:\Windows\SYSTEM32\WSOCK32.dll
0x00007fff72990000 - 0x00007fff729ff000 	C:\Windows\System32\WS2_32.dll
0x00007fff6ac00000 - 0x00007fff6ac33000 	C:\Windows\SYSTEM32\WINMM.dll
0x00007fff691f0000 - 0x00007fff691fa000 	C:\Windows\SYSTEM32\VERSION.dll
0x00007fff6ef90000 - 0x00007fff6efa8000 	C:\Windows\SYSTEM32\kernel.appcore.dll
0x00007fff417a0000 - 0x00007fff417b1000 	C:\Program Files\Android\Android Studio\jre\bin\verify.dll
0x00007fff5f800000 - 0x00007fff5fa21000 	C:\Windows\SYSTEM32\DBGHELP.DLL
0x00007fff57f80000 - 0x00007fff57fb1000 	C:\Windows\SYSTEM32\dbgcore.DLL
0x00007fff70630000 - 0x00007fff706af000 	C:\Windows\System32\bcryptPrimitives.dll
0x00007fff41770000 - 0x00007fff41799000 	C:\Program Files\Android\Android Studio\jre\bin\java.dll
0x00007fff41760000 - 0x00007fff4176b000 	C:\Program Files\Android\Android Studio\jre\bin\jimage.dll
0x00007fff31250000 - 0x00007fff31268000 	C:\Program Files\Android\Android Studio\jre\bin\zip.dll

dbghelp: loaded successfully - version: 4.0.5 - missing functions: none
symbol engine: initialized successfully - sym options: 0x614 - pdb path: .;C:\Program Files\Android\Android Studio\jre\bin;C:\Windows\SYSTEM32;C:\Windows\WinSxS\amd64_microsoft.windows.common-controls_6595b64144ccf1df_6.0.22000.120_none_9d947278b86cc467;C:\Program Files\Android\Android Studio\jre\bin\server

VM Arguments:
java_command: <unknown>
java_class_path (initial): <not set>
Launcher Type: SUN_STANDARD

[Global flags]
     intx CICompilerCount                          = 3                                         {product} {ergonomic}
     uint ConcGCThreads                            = 1                                         {product} {ergonomic}
     uint G1ConcRefinementThreads                  = 4                                         {product} {ergonomic}
   size_t G1HeapRegionSize                         = 1048576                                   {product} {ergonomic}
    uintx GCDrainStackTargetSize                   = 64                                        {product} {ergonomic}
   size_t InitialHeapSize                          = 268435456                                 {product} {ergonomic}
   size_t MarkStackSize                            = 4194304                                   {product} {ergonomic}
   size_t MaxHeapSize                              = 4263510016                                {product} {ergonomic}
   size_t MinHeapDeltaBytes                        = 1048576                                   {product} {ergonomic}
    uintx NonNMethodCodeHeapSize                   = 5830732                                {pd product} {ergonomic}
    uintx NonProfiledCodeHeapSize                  = 122913754                              {pd product} {ergonomic}
    uintx ProfiledCodeHeapSize                     = 122913754                              {pd product} {ergonomic}
    uintx ReservedCodeCacheSize                    = 251658240                              {pd product} {ergonomic}
     bool SegmentedCodeCache                       = true                                      {product} {ergonomic}
     bool UseCompressedClassPointers               = true                                 {lp64_product} {ergonomic}
     bool UseCompressedOops                        = true                                 {lp64_product} {ergonomic}
     bool UseG1GC                                  = true                                      {product} {ergonomic}
     bool UseLargePagesIndividualAllocation        = false                                  {pd product} {ergonomic}

Logging:
Log output configuration:
 #0: stdout all=warning uptime,level,tags
 #1: stderr all=off uptime,level,tags

Environment Variables:
PATH=C:\Program Files\Eclipse Adoptium\jdk-17.0.5.8-hotspot\bin;C:\Python311\Scripts\;C:\Python311\;C:\Windows\system32;C:\Windows;C:\Windows\System32\Wbem;C:\Windows\System32\WindowsPowerShell\v1.0\;C:\Windows\System32\OpenSSH\;C:\Program Files\Git\cmd;C:\Program Files\nodejs\;C:\ProgramData\chocolatey\bin;C:\Users\user\AppData\Local\Microsoft\WindowsApps;C:\src\flutter\bin;C:\Users\user\AppData\Local\Programs\Microsoft VS Code\bin;C:\Users\user\AppData\Local\GitHubDesktop\bin;C:\Users\user\AppData\Local\Pub\Cache\bin;C:\Users\user\AppData\Roaming\npm;C:\Users\user\Downloads\scrcpy-win64-v1.25;;C:\src\flutter\bin\mingit\cmd
USERNAME=user
LANG=en_US.UTF-8
OS=Windows_NT
PROCESSOR_IDENTIFIER=Intel64 Family 6 Model 142 Stepping 9, GenuineIntel



---------------  S Y S T E M  ---------------

OS: Windows 11 , 64 bit Build 22000 (10.0.22000.1335)
OS uptime: 0 days 3:51 hours

CPU:total 4 (initial active 4) (2 cores per cpu, 2 threads per core) family 6 model 142 stepping 9 microcode 0xf0, cmov, cx8, fxsr, mmx, sse, sse2, sse3, ssse3, sse4.1, sse4.2, popcnt, avx, avx2, aes, clmul, erms, rtm, 3dnowpref, lzcnt, ht, tsc, tscinvbit, bmi1, bmi2, adx, fma

Memory: 4k page, system-wide physical 16259M (509M free)
TotalPageFile size 65400M (AvailPageFile size 188M)
current process WorkingSet (physical memory assigned to process): 10M, peak: 10M
current process commit charge ("private bytes"): 52M, peak: 308M

vm_info: OpenJDK 64-Bit Server VM (11.0.13+0-b1751.21-8125866) for windows-amd64 JRE (11.0.13+0-b1751.21-8125866), built on Feb  2 2022 03:00:22 by "builder" with MS VC++ 14.0 (VS2015)

END.
