#
# There is insufficient memory for the Java Runtime Environment to continue.
# Native memory allocation (mmap) failed to map 268435456 bytes for G1 virtual space
# Possible reasons:
#   The system is out of physical RAM or swap space
#   The process is running with CompressedOops enabled, and the Java Heap may be blocking the growth of the native heap
# Possible solutions:
#   Reduce memory load on the system
#   Increase physical memory or swap space
#   Check if swap backing store is full
#   Decrease Java heap size (-Xmx/-Xms)
#   Decrease number of Java threads
#   Decrease Java thread stack sizes (-Xss)
#   Set larger code cache with -XX:ReservedCodeCacheSize=
#   JVM is running with Zero Based Compressed Oops mode in which the Java heap is
#     placed in the first 32GB address space. The Java Heap base address is the
#     maximum limit for the native heap growth. Please use -XX:HeapBaseMinAddress
#     to set the Java Heap base and to place the Java Heap above 32GB virtual address.
# This output file may be truncated or incomplete.
#
#  Out of Memory Error (os_windows.cpp:3548), pid=22292, tid=13404
#
# JRE version:  (17.0.5+8) (build )
# Java VM: OpenJDK 64-Bit Server VM (17.0.5+8, mixed mode, sharing, tiered, compressed oops, compressed class ptrs, g1 gc, windows-amd64)
# No core dump will be written. Minidumps are not enabled by default on client versions of Windows
#

---------------  S U M M A R Y ------------

Command Line: 

Host: Intel(R) Core(TM) i7-7600U CPU @ 2.80GHz, 4 cores, 15G,  Windows 11 , 64 bit Build 22000 (10.0.22000.1335)
Time: Wed Jan 11 00:27:21 2023 W. Central Africa Standard Time elapsed time: 0.063550 seconds (0d 0h 0m 0s)

---------------  T H R E A D  ---------------

Current thread (0x000002135993d8b0):  JavaThread "Unknown thread" [_thread_in_vm, id=13404, stack(0x0000004e49300000,0x0000004e49400000)]

Stack: [0x0000004e49300000,0x0000004e49400000]
Native frames: (J=compiled Java code, j=interpreted, Vv=VM code, C=native code)
V  [jvm.dll+0x676b3a]
V  [jvm.dll+0x831444]
V  [jvm.dll+0x832bee]
V  [jvm.dll+0x833253]
V  [jvm.dll+0x244ce5]
V  [jvm.dll+0x673a49]
V  [jvm.dll+0x66811a]
V  [jvm.dll+0x303ceb]
V  [jvm.dll+0x30b1e6]
V  [jvm.dll+0x35adbe]
V  [jvm.dll+0x35afef]
V  [jvm.dll+0x2dab88]
V  [jvm.dll+0x2dbaf4]
V  [jvm.dll+0x803121]
V  [jvm.dll+0x368bb1]
V  [jvm.dll+0x7e265c]
V  [jvm.dll+0x3eb17f]
V  [jvm.dll+0x3eccc1]
C  [jli.dll+0x5267]
C  [ucrtbase.dll+0x26c0c]
C  [KERNEL32.DLL+0x155a0]
C  [ntdll.dll+0x485b]


---------------  P R O C E S S  ---------------

Threads class SMR info:
_java_thread_list=0x00007ffeda0f2f18, length=0, elements={
}

Java Threads: ( => current thread )

Other Threads:
  0x00000213599a68a0 GCTaskThread "GC Thread#0" [stack: 0x0000004e49400000,0x0000004e49500000] [id=27728]
  0x00000213599b75f0 ConcurrentGCThread "G1 Main Marker" [stack: 0x0000004e49500000,0x0000004e49600000] [id=28668]
  0x00000213599b8160 ConcurrentGCThread "G1 Conc#0" [stack: 0x0000004e49600000,0x0000004e49700000] [id=28664]

[error occurred during error reporting (printing all threads), id 0xc0000005, EXCEPTION_ACCESS_VIOLATION (0xc0000005) at pc=0x00007ffed98cb617]

VM state: not at safepoint (not fully initialized)

VM Mutex/Monitor currently owned by a thread:  ([mutex/lock_event])
[0x0000021359939110] Heap_lock - owner thread: 0x000002135993d8b0

Heap address: 0x0000000701e00000, size: 4066 MB, Compressed Oops mode: Zero based, Oop shift amount: 3

CDS archive(s) mapped at: [0x0000000000000000-0x0000000000000000-0x0000000000000000), size 0, SharedBaseAddress: 0x0000000800000000, ArchiveRelocationMode: 0.
Narrow klass base: 0x0000000000000000, Narrow klass shift: 0, Narrow klass range: 0x0

GC Precious Log:
<Empty>

Heap:
 garbage-first heap   total 0K, used 0K [0x0000000701e00000, 0x0000000800000000)
  region size 2048K, 0 young (0K), 0 survivors (0K)

[error occurred during error reporting (printing heap information), id 0xc0000005, EXCEPTION_ACCESS_VIOLATION (0xc0000005) at pc=0x00007ffed9cafcb9]

GC Heap History (0 events):
No events

Dll operation events (1 events):
Event: 0.047 Loaded shared library C:\Program Files\Eclipse Adoptium\jdk-17.0.5.8-hotspot\bin\java.dll

Deoptimization events (0 events):
No events

Classes unloaded (0 events):
No events

Classes redefined (0 events):
No events

Internal exceptions (0 events):
No events

VM Operations (0 events):
No events

Events (0 events):
No events


Dynamic libraries:
0x00007ff7b0e30000 - 0x00007ff7b0e3e000 	C:\Program Files\Eclipse Adoptium\jdk-17.0.5.8-hotspot\bin\java.exe
0x00007fff72a40000 - 0x00007fff72c49000 	C:\Windows\SYSTEM32\ntdll.dll
0x00007fff71a40000 - 0x00007fff71afe000 	C:\Windows\System32\KERNEL32.DLL
0x00007fff700d0000 - 0x00007fff7044b000 	C:\Windows\System32\KERNELBASE.dll
0x00007fff70510000 - 0x00007fff70621000 	C:\Windows\System32\ucrtbase.dll
0x00007fff20730000 - 0x00007fff20747000 	C:\Program Files\Eclipse Adoptium\jdk-17.0.5.8-hotspot\bin\jli.dll
0x00007fff72760000 - 0x00007fff7290d000 	C:\Windows\System32\USER32.dll
0x00007fff70720000 - 0x00007fff70746000 	C:\Windows\System32\win32u.dll
0x00007fff70d30000 - 0x00007fff70d59000 	C:\Windows\System32\GDI32.dll
0x00007fff6ff10000 - 0x00007fff70028000 	C:\Windows\System32\gdi32full.dll
0x00007fff70030000 - 0x00007fff700cd000 	C:\Windows\System32\msvcp_win.dll
0x00007fff201c0000 - 0x00007fff201d9000 	C:\Program Files\Eclipse Adoptium\jdk-17.0.5.8-hotspot\bin\VCRUNTIME140.dll
0x00007fff5ee60000 - 0x00007fff5f105000 	C:\Windows\WinSxS\amd64_microsoft.windows.common-controls_6595b64144ccf1df_6.0.22000.120_none_9d947278b86cc467\COMCTL32.dll
0x00007fff714a0000 - 0x00007fff71543000 	C:\Windows\System32\msvcrt.dll
0x00007fff71460000 - 0x00007fff71492000 	C:\Windows\System32\IMM32.DLL
0x00007fff21320000 - 0x00007fff2132c000 	C:\Program Files\Eclipse Adoptium\jdk-17.0.5.8-hotspot\bin\vcruntime140_1.dll
0x00007ffeda230000 - 0x00007ffeda2c1000 	C:\Program Files\Eclipse Adoptium\jdk-17.0.5.8-hotspot\bin\msvcp140.dll
0x00007ffed95e0000 - 0x00007ffeda224000 	C:\Program Files\Eclipse Adoptium\jdk-17.0.5.8-hotspot\bin\server\jvm.dll
0x00007fff71610000 - 0x00007fff716be000 	C:\Windows\System32\ADVAPI32.dll
0x00007fff708c0000 - 0x00007fff7095e000 	C:\Windows\System32\sechost.dll
0x00007fff71bf0000 - 0x00007fff71d10000 	C:\Windows\System32\RPCRT4.dll
0x00007fff417c0000 - 0x00007fff417c9000 	C:\Windows\SYSTEM32\WSOCK32.dll
0x00007fff72990000 - 0x00007fff729ff000 	C:\Windows\System32\WS2_32.dll
0x00007fff6ac00000 - 0x00007fff6ac33000 	C:\Windows\SYSTEM32\WINMM.dll
0x00007fff691f0000 - 0x00007fff691fa000 	C:\Windows\SYSTEM32\VERSION.dll
0x00007fff6ef90000 - 0x00007fff6efa8000 	C:\Windows\SYSTEM32\kernel.appcore.dll
0x00007fff1c760000 - 0x00007fff1c76a000 	C:\Program Files\Eclipse Adoptium\jdk-17.0.5.8-hotspot\bin\jimage.dll
0x00007fff5f800000 - 0x00007fff5fa21000 	C:\Windows\SYSTEM32\DBGHELP.DLL
0x00007fff57f80000 - 0x00007fff57fb1000 	C:\Windows\SYSTEM32\dbgcore.DLL
0x00007fff70630000 - 0x00007fff706af000 	C:\Windows\System32\bcryptPrimitives.dll
0x00007ffed95b0000 - 0x00007ffed95d5000 	C:\Program Files\Eclipse Adoptium\jdk-17.0.5.8-hotspot\bin\java.dll

dbghelp: loaded successfully - version: 4.0.5 - missing functions: none
symbol engine: initialized successfully - sym options: 0x614 - pdb path: .;C:\Program Files\Eclipse Adoptium\jdk-17.0.5.8-hotspot\bin;C:\Windows\SYSTEM32;C:\Windows\WinSxS\amd64_microsoft.windows.common-controls_6595b64144ccf1df_6.0.22000.120_none_9d947278b86cc467;C:\Program Files\Eclipse Adoptium\jdk-17.0.5.8-hotspot\bin\server

VM Arguments:
java_command: <unknown>
java_class_path (initial): <not set>
Launcher Type: SUN_STANDARD

[Global flags]
     intx CICompilerCount                          = 3                                         {product} {ergonomic}
     uint ConcGCThreads                            = 1                                         {product} {ergonomic}
     uint G1ConcRefinementThreads                  = 4                                         {product} {ergonomic}
   size_t G1HeapRegionSize                         = 2097152                                   {product} {ergonomic}
    uintx GCDrainStackTargetSize                   = 64                                        {product} {ergonomic}
   size_t InitialHeapSize                          = 268435456                                 {product} {ergonomic}
   size_t MarkStackSize                            = 4194304                                   {product} {ergonomic}
   size_t MaxHeapSize                              = 4263510016                                {product} {ergonomic}
   size_t MinHeapDeltaBytes                        = 2097152                                   {product} {ergonomic}
   size_t MinHeapSize                              = 8388608                                   {product} {ergonomic}
    uintx NonNMethodCodeHeapSize                   = 5832780                                {pd product} {ergonomic}
    uintx NonProfiledCodeHeapSize                  = 122912730                              {pd product} {ergonomic}
    uintx ProfiledCodeHeapSize                     = 122912730                              {pd product} {ergonomic}
    uintx ReservedCodeCacheSize                    = 251658240                              {pd product} {ergonomic}
     bool SegmentedCodeCache                       = true                                      {product} {ergonomic}
   size_t SoftMaxHeapSize                          = 4263510016                             {manageable} {ergonomic}
     bool UseCompressedClassPointers               = true                           {product lp64_product} {ergonomic}
     bool UseCompressedOops                        = true                           {product lp64_product} {ergonomic}
     bool UseG1GC                                  = true                                      {product} {ergonomic}
     bool UseLargePagesIndividualAllocation        = false                                  {pd product} {ergonomic}

Logging:
Log output configuration:
 #0: stdout all=warning uptime,level,tags
 #1: stderr all=off uptime,level,tags

Environment Variables:
PATH=C:\Program Files\Eclipse Adoptium\jdk-17.0.5.8-hotspot\bin;C:\Python311\Scripts\;C:\Python311\;C:\Windows\system32;C:\Windows;C:\Windows\System32\Wbem;C:\Windows\System32\WindowsPowerShell\v1.0\;C:\Windows\System32\OpenSSH\;C:\Program Files\Git\cmd;C:\Program Files\nodejs\;C:\ProgramData\chocolatey\bin;C:\Users\user\AppData\Local\Microsoft\WindowsApps;C:\src\flutter\bin;C:\Users\user\AppData\Local\Programs\Microsoft VS Code\bin;C:\Users\user\AppData\Local\GitHubDesktop\bin;C:\Users\user\AppData\Local\Pub\Cache\bin;C:\Users\user\AppData\Roaming\npm;C:\Users\user\Downloads\scrcpy-win64-v1.25;;C:\src\flutter\bin\mingit\cmd
USERNAME=user
LANG=en_US.UTF-8
OS=Windows_NT
PROCESSOR_IDENTIFIER=Intel64 Family 6 Model 142 Stepping 9, GenuineIntel
TMP=C:\Users\user\AppData\Local\Temp
TEMP=C:\Users\user\AppData\Local\Temp



---------------  S Y S T E M  ---------------

OS:
 Windows 11 , 64 bit Build 22000 (10.0.22000.1335)
OS uptime: 0 days 3:51 hours

CPU: total 4 (initial active 4) (2 cores per cpu, 2 threads per core) family 6 model 142 stepping 9 microcode 0xf0, cx8, cmov, fxsr, ht, mmx, 3dnowpref, sse, sse2, sse3, ssse3, sse4.1, sse4.2, popcnt, lzcnt, tsc, tscinvbit, avx, avx2, aes, erms, clmul, bmi1, bmi2, rtm, adx, fma, vzeroupper, clflush, clflushopt

Memory: 4k page, system-wide physical 16259M (408M free)
TotalPageFile size 65400M (AvailPageFile size 128M)
current process WorkingSet (physical memory assigned to process): 10M, peak: 10M
current process commit charge ("private bytes"): 52M, peak: 307M

vm_info: OpenJDK 64-Bit Server VM (17.0.5+8) for windows-amd64 JRE (17.0.5+8), built on Oct 19 2022 04:48:13 by "temurin" with MS VC++ 16.7 (VS2019)

END.
